# JRE version: OpenJDK Runtime Environment (8.0_202-b03) (build 1.8.0_202-release-1483-b03)
# Java VM: OpenJDK 64-Bit Server VM (25.202-b03 mixed mode windows-amd64 compressed oops)
Heap:
 PSYoungGen      total 275968K, used 162111K [0x00000000e0000000, 0x00000000f4900000, 0x0000000100000000)
  eden space 247808K, 57% used [0x00000000e0000000,0x00000000e8b379d0,0x00000000ef200000)
  from space 28160K, 69% used [0x00000000ef200000,0x00000000f0518610,0x00000000f0d80000)
  to   space 29184K, 0% used [0x00000000f2c80000,0x00000000f2c80000,0x00000000f4900000)
 ParOldGen       total 128000K, used 68455K [0x00000000a0000000, 0x00000000a7d00000, 0x00000000e0000000)
  object space 128000K, 53% used [0x00000000a0000000,0x00000000a42d9dc8,0x00000000a7d00000)
 Metaspace       used 76551K, capacity 80176K, committed 80472K, reserved 1118208K
  class space    used 10351K, capacity 11045K, committed 11136K, reserved 1048576K
GC Heap History (10 events):
Event: 27.489 GC heap before
{Heap before GC invocations=18 (full 3):
 PSYoungGen      total 233984K, used 233944K [0x00000000e0000000, 0x00000000f1600000, 0x0000000100000000)
  eden space 212480K, 99% used [0x00000000e0000000,0x00000000ecf79710,0x00000000ecf80000)
  from space 21504K, 99% used [0x00000000eee80000,0x00000000f037cc20,0x00000000f0380000)
  to   space 31744K, 0% used [0x00000000ecf80000,0x00000000ecf80000,0x00000000eee80000)
 ParOldGen       total 128000K, used 47140K [0x00000000a0000000, 0x00000000a7d00000, 0x00000000e0000000)
  object space 128000K, 36% used [0x00000000a0000000,0x00000000a2e09168,0x00000000a7d00000)
 Metaspace       used 74390K, capacity 77842K, committed 78168K, reserved 1116160K
  class space    used 10144K, capacity 10804K, committed 10880K, reserved 1048576K
Event: 27.521 GC heap after
Heap after GC invocations=18 (full 3):
 PSYoungGen      total 244224K, used 12167K [0x00000000e0000000, 0x00000000f2a80000, 0x0000000100000000)
  eden space 212480K, 0% used [0x00000000e0000000,0x00000000e0000000,0x00000000ecf80000)
  from space 31744K, 38% used [0x00000000ecf80000,0x00000000edb61c10,0x00000000eee80000)
  to   space 29696K, 0% used [0x00000000f0d80000,0x00000000f0d80000,0x00000000f2a80000)
 ParOldGen       total 128000K, used 68423K [0x00000000a0000000, 0x00000000a7d00000, 0x00000000e0000000)
  object space 128000K, 53% used [0x00000000a0000000,0x00000000a42d1dc8,0x00000000a7d00000)
 Metaspace       used 74390K, capacity 77842K, committed 78168K, reserved 1116160K
  class space    used 10144K, capacity 10804K, committed 10880K, reserved 1048576K
}
Event: 28.096 GC heap before
{Heap before GC invocations=19 (full 3):
 PSYoungGen      total 244224K, used 224647K [0x00000000e0000000, 0x00000000f2a80000, 0x0000000100000000)
  eden space 212480K, 100% used [0x00000000e0000000,0x00000000ecf80000,0x00000000ecf80000)
  from space 31744K, 38% used [0x00000000ecf80000,0x00000000edb61c10,0x00000000eee80000)
  to   space 29696K, 0% used [0x00000000f0d80000,0x00000000f0d80000,0x00000000f2a80000)
 ParOldGen       total 128000K, used 68423K [0x00000000a0000000, 0x00000000a7d00000, 0x00000000e0000000)
  object space 128000K, 53% used [0x00000000a0000000,0x00000000a42d1dc8,0x00000000a7d00000)
 Metaspace       used 74646K, capacity 78102K, committed 78168K, reserved 1116160K
  class space    used 10184K, capacity 10846K, committed 10880K, reserved 1048576K
Event: 28.129 GC heap after
Heap after GC invocations=19 (full 3):
 PSYoungGen      total 276992K, used 7776K [0x00000000e0000000, 0x00000000f3100000, 0x0000000100000000)
  eden space 247296K, 0% used [0x00000000e0000000,0x00000000e0000000,0x00000000ef180000)
  from space 29696K, 26% used [0x00000000f0d80000,0x00000000f1518010,0x00000000f2a80000)
  to   space 28672K, 0% used [0x00000000ef180000,0x00000000ef180000,0x00000000f0d80000)
 ParOldGen       total 128000K, used 68431K [0x00000000a0000000, 0x00000000a7d00000, 0x00000000e0000000)
  object space 128000K, 53% used [0x00000000a0000000,0x00000000a42d3dc8,0x00000000a7d00000)
 Metaspace       used 74646K, capacity 78102K, committed 78168K, reserved 1116160K
  class space    used 10184K, capacity 10846K, committed 10880K, reserved 1048576K
}
Event: 31.552 GC heap before
{Heap before GC invocations=20 (full 3):
 PSYoungGen      total 276992K, used 255072K [0x00000000e0000000, 0x00000000f3100000, 0x0000000100000000)
  eden space 247296K, 100% used [0x00000000e0000000,0x00000000ef180000,0x00000000ef180000)
  from space 29696K, 26% used [0x00000000f0d80000,0x00000000f1518010,0x00000000f2a80000)
  to   space 28672K, 0% used [0x00000000ef180000,0x00000000ef180000,0x00000000f0d80000)
 ParOldGen       total 128000K, used 68431K [0x00000000a0000000, 0x00000000a7d00000, 0x00000000e0000000)
  object space 128000K, 53% used [0x00000000a0000000,0x00000000a42d3dc8,0x00000000a7d00000)
 Metaspace       used 75304K, capacity 78852K, committed 79064K, reserved 1118208K
  class space    used 10269K, capacity 10973K, committed 11008K, reserved 1048576K
Event: 31.640 GC heap after
Heap after GC invocations=20 (full 3):
 PSYoungGen      total 275968K, used 13501K [0x00000000e0000000, 0x00000000f3100000, 0x0000000100000000)
  eden space 247296K, 0% used [0x00000000e0000000,0x00000000e0000000,0x00000000ef180000)
  from space 28672K, 47% used [0x00000000ef180000,0x00000000efeaf720,0x00000000f0d80000)
  to   space 29696K, 0% used [0x00000000f0d80000,0x00000000f0d80000,0x00000000f2a80000)
 ParOldGen       total 128000K, used 68439K [0x00000000a0000000, 0x00000000a7d00000, 0x00000000e0000000)
  object space 128000K, 53% used [0x00000000a0000000,0x00000000a42d5dc8,0x00000000a7d00000)
 Metaspace       used 75304K, capacity 78852K, committed 79064K, reserved 1118208K
  class space    used 10269K, capacity 10973K, committed 11008K, reserved 1048576K
}
Event: 33.766 GC heap before
{Heap before GC invocations=21 (full 3):
 PSYoungGen      total 275968K, used 260797K [0x00000000e0000000, 0x00000000f3100000, 0x0000000100000000)
  eden space 247296K, 100% used [0x00000000e0000000,0x00000000ef180000,0x00000000ef180000)
  from space 28672K, 47% used [0x00000000ef180000,0x00000000efeaf720,0x00000000f0d80000)
  to   space 29696K, 0% used [0x00000000f0d80000,0x00000000f0d80000,0x00000000f2a80000)
 ParOldGen       total 128000K, used 68439K [0x00000000a0000000, 0x00000000a7d00000, 0x00000000e0000000)
  object space 128000K, 53% used [0x00000000a0000000,0x00000000a42d5dc8,0x00000000a7d00000)
 Metaspace       used 76183K, capacity 79838K, committed 79960K, reserved 1118208K
  class space    used 10341K, capacity 11038K, committed 11136K, reserved 1048576K
Event: 33.785 GC heap after
Heap after GC invocations=21 (full 3):
 PSYoungGen      total 277504K, used 17821K [0x00000000e0000000, 0x00000000f4400000, 0x0000000100000000)
  eden space 247808K, 0% used [0x00000000e0000000,0x00000000e0000000,0x00000000ef200000)
  from space 29696K, 60% used [0x00000000f0d80000,0x00000000f1ee7608,0x00000000f2a80000)
  to   space 28160K, 0% used [0x00000000ef200000,0x00000000ef200000,0x00000000f0d80000)
 ParOldGen       total 128000K, used 68447K [0x00000000a0000000, 0x00000000a7d00000, 0x00000000e0000000)
  object space 128000K, 53% used [0x00000000a0000000,0x00000000a42d7dc8,0x00000000a7d00000)
 Metaspace       used 76183K, capacity 79838K, committed 79960K, reserved 1118208K
  class space    used 10341K, capacity 11038K, committed 11136K, reserved 1048576K
}
Event: 34.182 GC heap before
{Heap before GC invocations=22 (full 3):
 PSYoungGen      total 277504K, used 265629K [0x00000000e0000000, 0x00000000f4400000, 0x0000000100000000)
  eden space 247808K, 100% used [0x00000000e0000000,0x00000000ef200000,0x00000000ef200000)
  from space 29696K, 60% used [0x00000000f0d80000,0x00000000f1ee7608,0x00000000f2a80000)
  to   space 28160K, 0% used [0x00000000ef200000,0x00000000ef200000,0x00000000f0d80000)
 ParOldGen       total 128000K, used 68447K [0x00000000a0000000, 0x00000000a7d00000, 0x00000000e0000000)
  object space 128000K, 53% used [0x00000000a0000000,0x00000000a42d7dc8,0x00000000a7d00000)
 Metaspace       used 76509K, capacity 80158K, committed 80472K, reserved 1118208K
  class space    used 10350K, capacity 11044K, committed 11136K, reserved 1048576K
Event: 34.198 GC heap after
Heap after GC invocations=22 (full 3):
 PSYoungGen      total 275968K, used 19553K [0x00000000e0000000, 0x00000000f4900000, 0x0000000100000000)
  eden space 247808K, 0% used [0x00000000e0000000,0x00000000e0000000,0x00000000ef200000)
  from space 28160K, 69% used [0x00000000ef200000,0x00000000f0518610,0x00000000f0d80000)
  to   space 29184K, 0% used [0x00000000f2c80000,0x00000000f2c80000,0x00000000f4900000)
 ParOldGen       total 128000K, used 68455K [0x00000000a0000000, 0x00000000a7d00000, 0x00000000e0000000)
  object space 128000K, 53% used [0x00000000a0000000,0x00000000a42d9dc8,0x00000000a7d00000)
 Metaspace       used 76509K, capacity 80158K, committed 80472K, reserved 1118208K
  class space    used 10350K, capacity 11044K, committed 11136K, reserved 1048576K
}

