# JRE version: OpenJDK Runtime Environment (8.0_202-b03) (build 1.8.0_202-release-1483-b03)
# Java VM: OpenJDK 64-Bit Server VM (25.202-b03 mixed mode windows-amd64 compressed oops)
Heap:
 PSYoungGen      total 334848K, used 232467K [0x00000000e0000000, 0x00000000f9e00000, 0x0000000100000000)
  eden space 306688K, 71% used [0x00000000e0000000,0x00000000ed70b1b0,0x00000000f2b80000)
  from space 28160K, 43% used [0x00000000f2b80000,0x00000000f3779c80,0x00000000f4700000)
  to   space 26624K, 0% used [0x00000000f8400000,0x00000000f8400000,0x00000000f9e00000)
 ParOldGen       total 117248K, used 72753K [0x00000000a0000000, 0x00000000a7280000, 0x00000000e0000000)
  object space 117248K, 62% used [0x00000000a0000000,0x00000000a470c458,0x00000000a7280000)
 Metaspace       used 76122K, capacity 80364K, committed 80472K, reserved 1118208K
  class space    used 10339K, capacity 11089K, committed 11136K, reserved 1048576K
GC Heap History (10 events):
Event: 21.111 GC heap before
{Heap before GC invocations=16 (full 3):
 PSYoungGen      total 206848K, used 187904K [0x00000000e0000000, 0x00000000eec00000, 0x0000000100000000)
  eden space 187904K, 100% used [0x00000000e0000000,0x00000000eb780000,0x00000000eb780000)
  from space 18944K, 0% used [0x00000000eca00000,0x00000000eca00000,0x00000000edc80000)
  to   space 18944K, 0% used [0x00000000eb780000,0x00000000eb780000,0x00000000eca00000)
 ParOldGen       total 117248K, used 28501K [0x00000000a0000000, 0x00000000a7280000, 0x00000000e0000000)
  object space 117248K, 24% used [0x00000000a0000000,0x00000000a1bd5588,0x00000000a7280000)
 Metaspace       used 63069K, capacity 65580K, committed 65624K, reserved 1105920K
  class space    used 8553K, capacity 9071K, committed 9088K, reserved 1048576K
Event: 21.134 GC heap after
Heap after GC invocations=16 (full 3):
 PSYoungGen      total 206848K, used 14615K [0x00000000e0000000, 0x00000000f1400000, 0x0000000100000000)
  eden space 187904K, 0% used [0x00000000e0000000,0x00000000e0000000,0x00000000eb780000)
  from space 18944K, 77% used [0x00000000eb780000,0x00000000ec5c5f18,0x00000000eca00000)
  to   space 20480K, 0% used [0x00000000f0000000,0x00000000f0000000,0x00000000f1400000)
 ParOldGen       total 117248K, used 28509K [0x00000000a0000000, 0x00000000a7280000, 0x00000000e0000000)
  object space 117248K, 24% used [0x00000000a0000000,0x00000000a1bd7588,0x00000000a7280000)
 Metaspace       used 63069K, capacity 65580K, committed 65624K, reserved 1105920K
  class space    used 8553K, capacity 9071K, committed 9088K, reserved 1048576K
}
Event: 23.001 GC heap before
{Heap before GC invocations=17 (full 3):
 PSYoungGen      total 206848K, used 202519K [0x00000000e0000000, 0x00000000f1400000, 0x0000000100000000)
  eden space 187904K, 100% used [0x00000000e0000000,0x00000000eb780000,0x00000000eb780000)
  from space 18944K, 77% used [0x00000000eb780000,0x00000000ec5c5f18,0x00000000eca00000)
  to   space 20480K, 0% used [0x00000000f0000000,0x00000000f0000000,0x00000000f1400000)
 ParOldGen       total 117248K, used 28509K [0x00000000a0000000, 0x00000000a7280000, 0x00000000e0000000)
  object space 117248K, 24% used [0x00000000a0000000,0x00000000a1bd7588,0x00000000a7280000)
 Metaspace       used 69106K, capacity 72118K, committed 72152K, reserved 1112064K
  class space    used 9375K, capacity 9968K, committed 9984K, reserved 1048576K
Event: 23.052 GC heap after
Heap after GC invocations=17 (full 3):
 PSYoungGen      total 252928K, used 20475K [0x00000000e0000000, 0x00000000f2800000, 0x0000000100000000)
  eden space 232448K, 0% used [0x00000000e0000000,0x00000000e0000000,0x00000000ee300000)
  from space 20480K, 99% used [0x00000000f0000000,0x00000000f13feda8,0x00000000f1400000)
  to   space 29696K, 0% used [0x00000000ee300000,0x00000000ee300000,0x00000000f0000000)
 ParOldGen       total 117248K, used 45951K [0x00000000a0000000, 0x00000000a7280000, 0x00000000e0000000)
  object space 117248K, 39% used [0x00000000a0000000,0x00000000a2cdfc18,0x00000000a7280000)
 Metaspace       used 69106K, capacity 72118K, committed 72152K, reserved 1112064K
  class space    used 9375K, capacity 9968K, committed 9984K, reserved 1048576K
}
Event: 24.164 GC heap before
{Heap before GC invocations=18 (full 3):
 PSYoungGen      total 252928K, used 252923K [0x00000000e0000000, 0x00000000f2800000, 0x0000000100000000)
  eden space 232448K, 100% used [0x00000000e0000000,0x00000000ee300000,0x00000000ee300000)
  from space 20480K, 99% used [0x00000000f0000000,0x00000000f13feda8,0x00000000f1400000)
  to   space 29696K, 0% used [0x00000000ee300000,0x00000000ee300000,0x00000000f0000000)
 ParOldGen       total 117248K, used 45951K [0x00000000a0000000, 0x00000000a7280000, 0x00000000e0000000)
  object space 117248K, 39% used [0x00000000a0000000,0x00000000a2cdfc18,0x00000000a7280000)
 Metaspace       used 73938K, capacity 77940K, committed 78168K, reserved 1116160K
  class space    used 10137K, capacity 10865K, committed 10880K, reserved 1048576K
Event: 24.210 GC heap after
Heap after GC invocations=18 (full 3):
 PSYoungGen      total 262144K, used 10068K [0x00000000e0000000, 0x00000000f6400000, 0x0000000100000000)
  eden space 232448K, 0% used [0x00000000e0000000,0x00000000e0000000,0x00000000ee300000)
  from space 29696K, 33% used [0x00000000ee300000,0x00000000eecd5158,0x00000000f0000000)
  to   space 28672K, 0% used [0x00000000f4800000,0x00000000f4800000,0x00000000f6400000)
 ParOldGen       total 117248K, used 65670K [0x00000000a0000000, 0x00000000a7280000, 0x00000000e0000000)
  object space 117248K, 56% used [0x00000000a0000000,0x00000000a4021bb8,0x00000000a7280000)
 Metaspace       used 73938K, capacity 77940K, committed 78168K, reserved 1116160K
  class space    used 10137K, capacity 10865K, committed 10880K, reserved 1048576K
}
Event: 25.035 GC heap before
{Heap before GC invocations=19 (full 3):
 PSYoungGen      total 262144K, used 242516K [0x00000000e0000000, 0x00000000f6400000, 0x0000000100000000)
  eden space 232448K, 100% used [0x00000000e0000000,0x00000000ee300000,0x00000000ee300000)
  from space 29696K, 33% used [0x00000000ee300000,0x00000000eecd5158,0x00000000f0000000)
  to   space 28672K, 0% used [0x00000000f4800000,0x00000000f4800000,0x00000000f6400000)
 ParOldGen       total 117248K, used 65670K [0x00000000a0000000, 0x00000000a7280000, 0x00000000e0000000)
  object space 117248K, 56% used [0x00000000a0000000,0x00000000a4021bb8,0x00000000a7280000)
 Metaspace       used 74359K, capacity 78342K, committed 78552K, reserved 1116160K
  class space    used 10174K, capacity 10906K, committed 11008K, reserved 1048576K
Event: 25.057 GC heap after
Heap after GC invocations=19 (full 3):
 PSYoungGen      total 333824K, used 4400K [0x00000000e0000000, 0x00000000f6280000, 0x0000000100000000)
  eden space 306688K, 0% used [0x00000000e0000000,0x00000000e0000000,0x00000000f2b80000)
  from space 27136K, 16% used [0x00000000f4800000,0x00000000f4c4c030,0x00000000f6280000)
  to   space 28160K, 0% used [0x00000000f2b80000,0x00000000f2b80000,0x00000000f4700000)
 ParOldGen       total 117248K, used 68889K [0x00000000a0000000, 0x00000000a7280000, 0x00000000e0000000)
  object space 117248K, 58% used [0x00000000a0000000,0x00000000a4346418,0x00000000a7280000)
 Metaspace       used 74359K, capacity 78342K, committed 78552K, reserved 1116160K
  class space    used 10174K, capacity 10906K, committed 11008K, reserved 1048576K
}
Event: 26.099 GC heap before
{Heap before GC invocations=20 (full 3):
 PSYoungGen      total 333824K, used 311088K [0x00000000e0000000, 0x00000000f6280000, 0x0000000100000000)
  eden space 306688K, 100% used [0x00000000e0000000,0x00000000f2b80000,0x00000000f2b80000)
  from space 27136K, 16% used [0x00000000f4800000,0x00000000f4c4c030,0x00000000f6280000)
  to   space 28160K, 0% used [0x00000000f2b80000,0x00000000f2b80000,0x00000000f4700000)
 ParOldGen       total 117248K, used 68889K [0x00000000a0000000, 0x00000000a7280000, 0x00000000e0000000)
  object space 117248K, 58% used [0x00000000a0000000,0x00000000a4346418,0x00000000a7280000)
 Metaspace       used 75946K, capacity 80148K, committed 80216K, reserved 1118208K
  class space    used 10339K, capacity 11089K, committed 11136K, reserved 1048576K
Event: 26.122 GC heap after
Heap after GC invocations=20 (full 3):
 PSYoungGen      total 334848K, used 12263K [0x00000000e0000000, 0x00000000f9e00000, 0x0000000100000000)
  eden space 306688K, 0% used [0x00000000e0000000,0x00000000e0000000,0x00000000f2b80000)
  from space 28160K, 43% used [0x00000000f2b80000,0x00000000f3779c80,0x00000000f4700000)
  to   space 26624K, 0% used [0x00000000f8400000,0x00000000f8400000,0x00000000f9e00000)
 ParOldGen       total 117248K, used 72753K [0x00000000a0000000, 0x00000000a7280000, 0x00000000e0000000)
  object space 117248K, 62% used [0x00000000a0000000,0x00000000a470c458,0x00000000a7280000)
 Metaspace       used 75946K, capacity 80148K, committed 80216K, reserved 1118208K
  class space    used 10339K, capacity 11089K, committed 11136K, reserved 1048576K
}

