# JRE version: OpenJDK Runtime Environment (8.0_202-b03) (build 1.8.0_202-release-1483-b03)
# Java VM: OpenJDK 64-Bit Server VM (25.202-b03 mixed mode windows-amd64 compressed oops)
Heap:
 PSYoungGen      total 254464K, used 106191K [0x00000000e0000000, 0x00000000f1580000, 0x0000000100000000)
  eden space 225280K, 36% used [0x00000000e0000000,0x00000000e5056f60,0x00000000edc00000)
  from space 29184K, 81% used [0x00000000edc00000,0x00000000ef35cd60,0x00000000ef880000)
  to   space 24576K, 0% used [0x00000000ef880000,0x00000000ef880000,0x00000000f1080000)
 ParOldGen       total 134656K, used 78181K [0x00000000a0000000, 0x00000000a8380000, 0x00000000e0000000)
  object space 134656K, 58% used [0x00000000a0000000,0x00000000a4c59608,0x00000000a8380000)
 Metaspace       used 87660K, capacity 92098K, committed 92376K, reserved 1128448K
  class space    used 11648K, capacity 12494K, committed 12544K, reserved 1048576K
GC Heap History (10 events):
Event: 51.331 GC heap before
{Heap before GC invocations=16 (full 3):
 PSYoungGen      total 185344K, used 166912K [0x00000000e0000000, 0x00000000ed680000, 0x0000000100000000)
  eden space 166912K, 100% used [0x00000000e0000000,0x00000000ea300000,0x00000000ea300000)
  from space 18432K, 0% used [0x00000000eb500000,0x00000000eb500000,0x00000000ec700000)
  to   space 18432K, 0% used [0x00000000ea300000,0x00000000ea300000,0x00000000eb500000)
 ParOldGen       total 134656K, used 30202K [0x00000000a0000000, 0x00000000a8380000, 0x00000000e0000000)
  object space 134656K, 22% used [0x00000000a0000000,0x00000000a1d7ebe8,0x00000000a8380000)
 Metaspace       used 64777K, capacity 67086K, committed 67416K, reserved 1107968K
  class space    used 8567K, capacity 9018K, committed 9088K, reserved 1048576K
Event: 51.347 GC heap after
Heap after GC invocations=16 (full 3):
 PSYoungGen      total 185344K, used 14125K [0x00000000e0000000, 0x00000000eeb80000, 0x0000000100000000)
  eden space 166912K, 0% used [0x00000000e0000000,0x00000000e0000000,0x00000000ea300000)
  from space 18432K, 76% used [0x00000000ea300000,0x00000000eb0cb7e0,0x00000000eb500000)
  to   space 19456K, 0% used [0x00000000ed880000,0x00000000ed880000,0x00000000eeb80000)
 ParOldGen       total 134656K, used 30210K [0x00000000a0000000, 0x00000000a8380000, 0x00000000e0000000)
  object space 134656K, 22% used [0x00000000a0000000,0x00000000a1d80be8,0x00000000a8380000)
 Metaspace       used 64777K, capacity 67086K, committed 67416K, reserved 1107968K
  class space    used 8567K, capacity 9018K, committed 9088K, reserved 1048576K
}
Event: 53.409 GC heap before
{Heap before GC invocations=17 (full 3):
 PSYoungGen      total 185344K, used 180962K [0x00000000e0000000, 0x00000000eeb80000, 0x0000000100000000)
  eden space 166912K, 99% used [0x00000000e0000000,0x00000000ea2ed098,0x00000000ea300000)
  from space 18432K, 76% used [0x00000000ea300000,0x00000000eb0cb7e0,0x00000000eb500000)
  to   space 19456K, 0% used [0x00000000ed880000,0x00000000ed880000,0x00000000eeb80000)
 ParOldGen       total 134656K, used 30210K [0x00000000a0000000, 0x00000000a8380000, 0x00000000e0000000)
  object space 134656K, 22% used [0x00000000a0000000,0x00000000a1d80be8,0x00000000a8380000)
 Metaspace       used 66669K, capacity 69058K, committed 69208K, reserved 1110016K
  class space    used 8737K, capacity 9234K, committed 9344K, reserved 1048576K
Event: 53.438 GC heap after
Heap after GC invocations=17 (full 3):
 PSYoungGen      total 216064K, used 19452K [0x00000000e0000000, 0x00000000ef480000, 0x0000000100000000)
  eden space 196608K, 0% used [0x00000000e0000000,0x00000000e0000000,0x00000000ec000000)
  from space 19456K, 99% used [0x00000000ed880000,0x00000000eeb7f238,0x00000000eeb80000)
  to   space 25088K, 0% used [0x00000000ec000000,0x00000000ec000000,0x00000000ed880000)
 ParOldGen       total 134656K, used 38185K [0x00000000a0000000, 0x00000000a8380000, 0x00000000e0000000)
  object space 134656K, 28% used [0x00000000a0000000,0x00000000a254a7e8,0x00000000a8380000)
 Metaspace       used 66669K, capacity 69058K, committed 69208K, reserved 1110016K
  class space    used 8737K, capacity 9234K, committed 9344K, reserved 1048576K
}
Event: 69.706 GC heap before
{Heap before GC invocations=18 (full 3):
 PSYoungGen      total 216064K, used 216060K [0x00000000e0000000, 0x00000000ef480000, 0x0000000100000000)
  eden space 196608K, 100% used [0x00000000e0000000,0x00000000ec000000,0x00000000ec000000)
  from space 19456K, 99% used [0x00000000ed880000,0x00000000eeb7f238,0x00000000eeb80000)
  to   space 25088K, 0% used [0x00000000ec000000,0x00000000ec000000,0x00000000ed880000)
 ParOldGen       total 134656K, used 38185K [0x00000000a0000000, 0x00000000a8380000, 0x00000000e0000000)
  object space 134656K, 28% used [0x00000000a0000000,0x00000000a254a7e8,0x00000000a8380000)
 Metaspace       used 73019K, capacity 75662K, committed 75736K, reserved 1114112K
  class space    used 9619K, capacity 10171K, committed 10240K, reserved 1048576K
Event: 69.751 GC heap after
Heap after GC invocations=18 (full 3):
 PSYoungGen      total 221696K, used 12672K [0x00000000e0000000, 0x00000000f1080000, 0x0000000100000000)
  eden space 196608K, 0% used [0x00000000e0000000,0x00000000e0000000,0x00000000ec000000)
  from space 25088K, 50% used [0x00000000ec000000,0x00000000ecc600c0,0x00000000ed880000)
  to   space 24576K, 0% used [0x00000000ef880000,0x00000000ef880000,0x00000000f1080000)
 ParOldGen       total 134656K, used 55720K [0x00000000a0000000, 0x00000000a8380000, 0x00000000e0000000)
  object space 134656K, 41% used [0x00000000a0000000,0x00000000a366a248,0x00000000a8380000)
 Metaspace       used 73019K, capacity 75662K, committed 75736K, reserved 1114112K
  class space    used 9619K, capacity 10171K, committed 10240K, reserved 1048576K
}
Event: 76.121 GC heap before
{Heap before GC invocations=19 (full 3):
 PSYoungGen      total 221696K, used 209280K [0x00000000e0000000, 0x00000000f1080000, 0x0000000100000000)
  eden space 196608K, 100% used [0x00000000e0000000,0x00000000ec000000,0x00000000ec000000)
  from space 25088K, 50% used [0x00000000ec000000,0x00000000ecc600c0,0x00000000ed880000)
  to   space 24576K, 0% used [0x00000000ef880000,0x00000000ef880000,0x00000000f1080000)
 ParOldGen       total 134656K, used 55720K [0x00000000a0000000, 0x00000000a8380000, 0x00000000e0000000)
  object space 134656K, 41% used [0x00000000a0000000,0x00000000a366a248,0x00000000a8380000)
 Metaspace       used 79997K, capacity 82930K, committed 83032K, reserved 1122304K
  class space    used 10460K, capacity 11064K, committed 11136K, reserved 1048576K
Event: 76.153 GC heap after
Heap after GC invocations=19 (full 3):
 PSYoungGen      total 249856K, used 24572K [0x00000000e0000000, 0x00000000f1580000, 0x0000000100000000)
  eden space 225280K, 0% used [0x00000000e0000000,0x00000000e0000000,0x00000000edc00000)
  from space 24576K, 99% used [0x00000000ef880000,0x00000000f107f1e8,0x00000000f1080000)
  to   space 29184K, 0% used [0x00000000edc00000,0x00000000edc00000,0x00000000ef880000)
 ParOldGen       total 134656K, used 58296K [0x00000000a0000000, 0x00000000a8380000, 0x00000000e0000000)
  object space 134656K, 43% used [0x00000000a0000000,0x00000000a38ee098,0x00000000a8380000)
 Metaspace       used 79997K, capacity 82930K, committed 83032K, reserved 1122304K
  class space    used 10460K, capacity 11064K, committed 11136K, reserved 1048576K
}
Event: 77.098 GC heap before
{Heap before GC invocations=20 (full 3):
 PSYoungGen      total 249856K, used 249852K [0x00000000e0000000, 0x00000000f1580000, 0x0000000100000000)
  eden space 225280K, 100% used [0x00000000e0000000,0x00000000edc00000,0x00000000edc00000)
  from space 24576K, 99% used [0x00000000ef880000,0x00000000f107f1e8,0x00000000f1080000)
  to   space 29184K, 0% used [0x00000000edc00000,0x00000000edc00000,0x00000000ef880000)
 ParOldGen       total 134656K, used 58296K [0x00000000a0000000, 0x00000000a8380000, 0x00000000e0000000)
  object space 134656K, 43% used [0x00000000a0000000,0x00000000a38ee098,0x00000000a8380000)
 Metaspace       used 87397K, capacity 91828K, committed 91992K, reserved 1128448K
  class space    used 11598K, capacity 12411K, committed 12416K, reserved 1048576K
Event: 77.135 GC heap after
Heap after GC invocations=20 (full 3):
 PSYoungGen      total 254464K, used 23923K [0x00000000e0000000, 0x00000000f1580000, 0x0000000100000000)
  eden space 225280K, 0% used [0x00000000e0000000,0x00000000e0000000,0x00000000edc00000)
  from space 29184K, 81% used [0x00000000edc00000,0x00000000ef35cd60,0x00000000ef880000)
  to   space 24576K, 0% used [0x00000000ef880000,0x00000000ef880000,0x00000000f1080000)
 ParOldGen       total 134656K, used 78181K [0x00000000a0000000, 0x00000000a8380000, 0x00000000e0000000)
  object space 134656K, 58% used [0x00000000a0000000,0x00000000a4c59608,0x00000000a8380000)
 Metaspace       used 87397K, capacity 91828K, committed 91992K, reserved 1128448K
  class space    used 11598K, capacity 12411K, committed 12416K, reserved 1048576K
}

