# JRE version: OpenJDK Runtime Environment (8.0_202-b03) (build 1.8.0_202-release-1483-b03)
# Java VM: OpenJDK 64-Bit Server VM (25.202-b03 mixed mode windows-amd64 compressed oops)
Heap:
 PSYoungGen      total 332288K, used 155487K [0x00000000e0000000, 0x00000000f6580000, 0x0000000100000000)
  eden space 299520K, 45% used [0x00000000e0000000,0x00000000e850ef40,0x00000000f2480000)
  from space 32768K, 58% used [0x00000000f4500000,0x00000000f57c8fa8,0x00000000f6500000)
  to   space 33280K, 0% used [0x00000000f2480000,0x00000000f2480000,0x00000000f4500000)
 ParOldGen       total 131072K, used 80368K [0x00000000a0000000, 0x00000000a8000000, 0x00000000e0000000)
  object space 131072K, 61% used [0x00000000a0000000,0x00000000a4e7c1c0,0x00000000a8000000)
 Metaspace       used 101660K, capacity 106698K, committed 106920K, reserved 1142784K
  class space    used 13277K, capacity 14233K, committed 14248K, reserved 1048576K
GC Heap History (10 events):
Event: 103.832 GC heap before
{Heap before GC invocations=20 (full 3):
 PSYoungGen      total 287744K, used 287724K [0x00000000e0000000, 0x00000000f4180000, 0x0000000100000000)
  eden space 260608K, 100% used [0x00000000e0000000,0x00000000efe80000,0x00000000efe80000)
  from space 27136K, 99% used [0x00000000f2100000,0x00000000f3b7b158,0x00000000f3b80000)
  to   space 34304K, 0% used [0x00000000efe80000,0x00000000efe80000,0x00000000f2000000)
 ParOldGen       total 131072K, used 69593K [0x00000000a0000000, 0x00000000a8000000, 0x00000000e0000000)
  object space 131072K, 53% used [0x00000000a0000000,0x00000000a43f64e8,0x00000000a8000000)
 Metaspace       used 86789K, capacity 90456K, committed 90792K, reserved 1128448K
  class space    used 11326K, capacity 12073K, committed 12200K, reserved 1048576K
Event: 104.115 GC heap after
Heap after GC invocations=20 (full 3):
 PSYoungGen      total 294912K, used 12299K [0x00000000e0000000, 0x00000000f6500000, 0x0000000100000000)
  eden space 260608K, 0% used [0x00000000e0000000,0x00000000e0000000,0x00000000efe80000)
  from space 34304K, 35% used [0x00000000efe80000,0x00000000f0a82d90,0x00000000f2000000)
  to   space 32768K, 0% used [0x00000000f4500000,0x00000000f4500000,0x00000000f6500000)
 ParOldGen       total 131072K, used 95375K [0x00000000a0000000, 0x00000000a8000000, 0x00000000e0000000)
  object space 131072K, 72% used [0x00000000a0000000,0x00000000a5d23ee0,0x00000000a8000000)
 Metaspace       used 86789K, capacity 90456K, committed 90792K, reserved 1128448K
  class space    used 11326K, capacity 12073K, committed 12200K, reserved 1048576K
}
Event: 108.779 GC heap before
{Heap before GC invocations=21 (full 3):
 PSYoungGen      total 294912K, used 272907K [0x00000000e0000000, 0x00000000f6500000, 0x0000000100000000)
  eden space 260608K, 100% used [0x00000000e0000000,0x00000000efe80000,0x00000000efe80000)
  from space 34304K, 35% used [0x00000000efe80000,0x00000000f0a82d90,0x00000000f2000000)
  to   space 32768K, 0% used [0x00000000f4500000,0x00000000f4500000,0x00000000f6500000)
 ParOldGen       total 131072K, used 95375K [0x00000000a0000000, 0x00000000a8000000, 0x00000000e0000000)
  object space 131072K, 72% used [0x00000000a0000000,0x00000000a5d23ee0,0x00000000a8000000)
 Metaspace       used 93356K, capacity 97182K, committed 97448K, reserved 1134592K
  class space    used 12084K, capacity 12858K, committed 12968K, reserved 1048576K
Event: 108.858 GC heap after
Heap after GC invocations=21 (full 3):
 PSYoungGen      total 332288K, used 20352K [0x00000000e0000000, 0x00000000f6580000, 0x0000000100000000)
  eden space 299520K, 0% used [0x00000000e0000000,0x00000000e0000000,0x00000000f2480000)
  from space 32768K, 62% used [0x00000000f4500000,0x00000000f58e02b0,0x00000000f6500000)
  to   space 33280K, 0% used [0x00000000f2480000,0x00000000f2480000,0x00000000f4500000)
 ParOldGen       total 131072K, used 95383K [0x00000000a0000000, 0x00000000a8000000, 0x00000000e0000000)
  object space 131072K, 72% used [0x00000000a0000000,0x00000000a5d25ee0,0x00000000a8000000)
 Metaspace       used 93356K, capacity 97182K, committed 97448K, reserved 1134592K
  class space    used 12084K, capacity 12858K, committed 12968K, reserved 1048576K
}
Event: 109.148 GC heap before
{Heap before GC invocations=22 (full 3):
 PSYoungGen      total 332288K, used 154447K [0x00000000e0000000, 0x00000000f6580000, 0x0000000100000000)
  eden space 299520K, 44% used [0x00000000e0000000,0x00000000e82f3cb8,0x00000000f2480000)
  from space 32768K, 62% used [0x00000000f4500000,0x00000000f58e02b0,0x00000000f6500000)
  to   space 33280K, 0% used [0x00000000f2480000,0x00000000f2480000,0x00000000f4500000)
 ParOldGen       total 131072K, used 95383K [0x00000000a0000000, 0x00000000a8000000, 0x00000000e0000000)
  object space 131072K, 72% used [0x00000000a0000000,0x00000000a5d25ee0,0x00000000a8000000)
 Metaspace       used 94529K, capacity 98564K, committed 98600K, reserved 1134592K
  class space    used 12252K, capacity 13060K, committed 13096K, reserved 1048576K
Event: 109.174 GC heap after
Heap after GC invocations=22 (full 3):
 PSYoungGen      total 332800K, used 15964K [0x00000000e0000000, 0x00000000f6580000, 0x0000000100000000)
  eden space 299520K, 0% used [0x00000000e0000000,0x00000000e0000000,0x00000000f2480000)
  from space 33280K, 47% used [0x00000000f2480000,0x00000000f34171f8,0x00000000f4500000)
  to   space 32768K, 0% used [0x00000000f4500000,0x00000000f4500000,0x00000000f6500000)
 ParOldGen       total 131072K, used 95391K [0x00000000a0000000, 0x00000000a8000000, 0x00000000e0000000)
  object space 131072K, 72% used [0x00000000a0000000,0x00000000a5d27ee0,0x00000000a8000000)
 Metaspace       used 94529K, capacity 98564K, committed 98600K, reserved 1134592K
  class space    used 12252K, capacity 13060K, committed 13096K, reserved 1048576K
}
Event: 109.174 GC heap before
{Heap before GC invocations=23 (full 4):
 PSYoungGen      total 332800K, used 15964K [0x00000000e0000000, 0x00000000f6580000, 0x0000000100000000)
  eden space 299520K, 0% used [0x00000000e0000000,0x00000000e0000000,0x00000000f2480000)
  from space 33280K, 47% used [0x00000000f2480000,0x00000000f34171f8,0x00000000f4500000)
  to   space 32768K, 0% used [0x00000000f4500000,0x00000000f4500000,0x00000000f6500000)
 ParOldGen       total 131072K, used 95391K [0x00000000a0000000, 0x00000000a8000000, 0x00000000e0000000)
  object space 131072K, 72% used [0x00000000a0000000,0x00000000a5d27ee0,0x00000000a8000000)
 Metaspace       used 94529K, capacity 98564K, committed 98600K, reserved 1134592K
  class space    used 12252K, capacity 13060K, committed 13096K, reserved 1048576K
Event: 110.541 GC heap after
Heap after GC invocations=23 (full 4):
 PSYoungGen      total 332800K, used 0K [0x00000000e0000000, 0x00000000f6580000, 0x0000000100000000)
  eden space 299520K, 0% used [0x00000000e0000000,0x00000000e0000000,0x00000000f2480000)
  from space 33280K, 0% used [0x00000000f2480000,0x00000000f2480000,0x00000000f4500000)
  to   space 32768K, 0% used [0x00000000f4500000,0x00000000f4500000,0x00000000f6500000)
 ParOldGen       total 131072K, used 80359K [0x00000000a0000000, 0x00000000a8000000, 0x00000000e0000000)
  object space 131072K, 61% used [0x00000000a0000000,0x00000000a4e79e50,0x00000000a8000000)
 Metaspace       used 94395K, capacity 98212K, committed 98600K, reserved 1134592K
  class space    used 12206K, capacity 12978K, committed 13096K, reserved 1048576K
}
Event: 116.049 GC heap before
{Heap before GC invocations=24 (full 4):
 PSYoungGen      total 332800K, used 299520K [0x00000000e0000000, 0x00000000f6580000, 0x0000000100000000)
  eden space 299520K, 100% used [0x00000000e0000000,0x00000000f2480000,0x00000000f2480000)
  from space 33280K, 0% used [0x00000000f2480000,0x00000000f2480000,0x00000000f4500000)
  to   space 32768K, 0% used [0x00000000f4500000,0x00000000f4500000,0x00000000f6500000)
 ParOldGen       total 131072K, used 80360K [0x00000000a0000000, 0x00000000a8000000, 0x00000000e0000000)
  object space 131072K, 61% used [0x00000000a0000000,0x00000000a4e7a1c0,0x00000000a8000000)
 Metaspace       used 100577K, capacity 105482K, committed 105512K, reserved 1140736K
  class space    used 13166K, capacity 14113K, committed 14120K, reserved 1048576K
Event: 116.094 GC heap after
Heap after GC invocations=24 (full 4):
 PSYoungGen      total 332288K, used 19235K [0x00000000e0000000, 0x00000000f6580000, 0x0000000100000000)
  eden space 299520K, 0% used [0x00000000e0000000,0x00000000e0000000,0x00000000f2480000)
  from space 32768K, 58% used [0x00000000f4500000,0x00000000f57c8fa8,0x00000000f6500000)
  to   space 33280K, 0% used [0x00000000f2480000,0x00000000f2480000,0x00000000f4500000)
 ParOldGen       total 131072K, used 80368K [0x00000000a0000000, 0x00000000a8000000, 0x00000000e0000000)
  object space 131072K, 61% used [0x00000000a0000000,0x00000000a4e7c1c0,0x00000000a8000000)
 Metaspace       used 100577K, capacity 105482K, committed 105512K, reserved 1140736K
  class space    used 13166K, capacity 14113K, committed 14120K, reserved 1048576K
}

